2024-05-18 16:53:10,748 [Worker-6: Loading available Gradle versions] INFO  o.e.b.c.i.u.g.PublishedGradleVersions - Gradle version information cache is up-to-date. Trying to read.
2024-05-18 16:54:56,225 [Worker-2: Loading available Gradle versions] INFO  o.e.b.c.i.u.g.PublishedGradleVersions - Gradle version information cache is up-to-date. Trying to read.
2024-05-18 16:55:39,137 [Worker-16: Launching mavenrun-4f677108-9993-4bad-94bb-63abc91ef4ce] INFO  o.eclipse.m2e.core.internal.Bundles - getClasspathEntries(Bundle=org.eclipse.m2e.maven.runtime_3.9.500.20231113-2345 [626])
2024-05-18 16:55:39,140 [Worker-16: Launching mavenrun-4f677108-9993-4bad-94bb-63abc91ef4ce] INFO  o.eclipse.m2e.core.internal.Bundles - 	Entry: C:\Users\91703\.p2\pool\plugins\org.eclipse.m2e.maven.runtime_3.9.500.20231113-2345
2024-05-18 16:55:39,141 [Worker-16: Launching mavenrun-4f677108-9993-4bad-94bb-63abc91ef4ce] INFO  o.eclipse.m2e.core.internal.Bundles - 	Entry: C:\Users\91703\.p2\pool\plugins\org.eclipse.m2e.maven.runtime_3.9.500.20231113-2345\jars\aopalliance-1.0.jar
2024-05-18 16:55:39,142 [Worker-16: Launching mavenrun-4f677108-9993-4bad-94bb-63abc91ef4ce] INFO  o.eclipse.m2e.core.internal.Bundles - 	Entry: C:\Users\91703\.p2\pool\plugins\org.eclipse.m2e.maven.runtime_3.9.500.20231113-2345\jars\guice-5.1.0.jar
2024-05-18 16:55:39,142 [Worker-16: Launching mavenrun-4f677108-9993-4bad-94bb-63abc91ef4ce] INFO  o.eclipse.m2e.core.internal.Bundles - 	Entry: C:\Users\91703\.p2\pool\plugins\org.eclipse.m2e.maven.runtime_3.9.500.20231113-2345\jars\httpclient-4.5.14.jar
2024-05-18 16:55:39,142 [Worker-16: Launching mavenrun-4f677108-9993-4bad-94bb-63abc91ef4ce] INFO  o.eclipse.m2e.core.internal.Bundles - 	Entry: C:\Users\91703\.p2\pool\plugins\org.eclipse.m2e.maven.runtime_3.9.500.20231113-2345\jars\httpcore-4.4.16.jar
2024-05-18 16:55:39,142 [Worker-16: Launching mavenrun-4f677108-9993-4bad-94bb-63abc91ef4ce] INFO  o.eclipse.m2e.core.internal.Bundles - 	Entry: C:\Users\91703\.p2\pool\plugins\org.eclipse.m2e.maven.runtime_3.9.500.20231113-2345\jars\jansi-2.4.0.jar
2024-05-18 16:55:39,142 [Worker-16: Launching mavenrun-4f677108-9993-4bad-94bb-63abc91ef4ce] INFO  o.eclipse.m2e.core.internal.Bundles - 	Entry: C:\Users\91703\.p2\pool\plugins\org.eclipse.m2e.maven.runtime_3.9.500.20231113-2345\jars\jcl-over-slf4j-1.7.36.jar
2024-05-18 16:55:39,142 [Worker-16: Launching mavenrun-4f677108-9993-4bad-94bb-63abc91ef4ce] INFO  o.eclipse.m2e.core.internal.Bundles - 	Entry: C:\Users\91703\.p2\pool\plugins\org.eclipse.m2e.maven.runtime_3.9.500.20231113-2345\jars\maven-artifact-3.9.5.jar
2024-05-18 16:55:39,142 [Worker-16: Launching mavenrun-4f677108-9993-4bad-94bb-63abc91ef4ce] INFO  o.eclipse.m2e.core.internal.Bundles - 	Entry: C:\Users\91703\.p2\pool\plugins\org.eclipse.m2e.maven.runtime_3.9.500.20231113-2345\jars\maven-builder-support-3.9.5.jar
2024-05-18 16:55:39,142 [Worker-16: Launching mavenrun-4f677108-9993-4bad-94bb-63abc91ef4ce] INFO  o.eclipse.m2e.core.internal.Bundles - 	Entry: C:\Users\91703\.p2\pool\plugins\org.eclipse.m2e.maven.runtime_3.9.500.20231113-2345\jars\maven-compat-3.9.5.jar
2024-05-18 16:55:39,142 [Worker-16: Launching mavenrun-4f677108-9993-4bad-94bb-63abc91ef4ce] INFO  o.eclipse.m2e.core.internal.Bundles - 	Entry: C:\Users\91703\.p2\pool\plugins\org.eclipse.m2e.maven.runtime_3.9.500.20231113-2345\jars\maven-core-3.9.5.jar
2024-05-18 16:55:39,143 [Worker-16: Launching mavenrun-4f677108-9993-4bad-94bb-63abc91ef4ce] INFO  o.eclipse.m2e.core.internal.Bundles - 	Entry: C:\Users\91703\.p2\pool\plugins\org.eclipse.m2e.maven.runtime_3.9.500.20231113-2345\jars\maven-embedder-3.9.5.jar
2024-05-18 16:55:39,143 [Worker-16: Launching mavenrun-4f677108-9993-4bad-94bb-63abc91ef4ce] INFO  o.eclipse.m2e.core.internal.Bundles - 	Entry: C:\Users\91703\.p2\pool\plugins\org.eclipse.m2e.maven.runtime_3.9.500.20231113-2345\jars\maven-model-3.9.5.jar
2024-05-18 16:55:39,143 [Worker-16: Launching mavenrun-4f677108-9993-4bad-94bb-63abc91ef4ce] INFO  o.eclipse.m2e.core.internal.Bundles - 	Entry: C:\Users\91703\.p2\pool\plugins\org.eclipse.m2e.maven.runtime_3.9.500.20231113-2345\jars\maven-model-builder-3.9.5.jar
2024-05-18 16:55:39,143 [Worker-16: Launching mavenrun-4f677108-9993-4bad-94bb-63abc91ef4ce] INFO  o.eclipse.m2e.core.internal.Bundles - 	Entry: C:\Users\91703\.p2\pool\plugins\org.eclipse.m2e.maven.runtime_3.9.500.20231113-2345\jars\maven-plugin-api-3.9.5.jar
2024-05-18 16:55:39,143 [Worker-16: Launching mavenrun-4f677108-9993-4bad-94bb-63abc91ef4ce] INFO  o.eclipse.m2e.core.internal.Bundles - 	Entry: C:\Users\91703\.p2\pool\plugins\org.eclipse.m2e.maven.runtime_3.9.500.20231113-2345\jars\maven-repository-metadata-3.9.5.jar
2024-05-18 16:55:39,143 [Worker-16: Launching mavenrun-4f677108-9993-4bad-94bb-63abc91ef4ce] INFO  o.eclipse.m2e.core.internal.Bundles - 	Entry: C:\Users\91703\.p2\pool\plugins\org.eclipse.m2e.maven.runtime_3.9.500.20231113-2345\jars\maven-resolver-api-1.9.16.jar
2024-05-18 16:55:39,143 [Worker-16: Launching mavenrun-4f677108-9993-4bad-94bb-63abc91ef4ce] INFO  o.eclipse.m2e.core.internal.Bundles - 	Entry: C:\Users\91703\.p2\pool\plugins\org.eclipse.m2e.maven.runtime_3.9.500.20231113-2345\jars\maven-resolver-connector-basic-1.9.16.jar
2024-05-18 16:55:39,143 [Worker-16: Launching mavenrun-4f677108-9993-4bad-94bb-63abc91ef4ce] INFO  o.eclipse.m2e.core.internal.Bundles - 	Entry: C:\Users\91703\.p2\pool\plugins\org.eclipse.m2e.maven.runtime_3.9.500.20231113-2345\jars\maven-resolver-impl-1.9.16.jar
2024-05-18 16:55:39,144 [Worker-16: Launching mavenrun-4f677108-9993-4bad-94bb-63abc91ef4ce] INFO  o.eclipse.m2e.core.internal.Bundles - 	Entry: C:\Users\91703\.p2\pool\plugins\org.eclipse.m2e.maven.runtime_3.9.500.20231113-2345\jars\maven-resolver-named-locks-1.9.16.jar
2024-05-18 16:55:39,144 [Worker-16: Launching mavenrun-4f677108-9993-4bad-94bb-63abc91ef4ce] INFO  o.eclipse.m2e.core.internal.Bundles - 	Entry: C:\Users\91703\.p2\pool\plugins\org.eclipse.m2e.maven.runtime_3.9.500.20231113-2345\jars\maven-resolver-provider-3.9.5.jar
2024-05-18 16:55:39,144 [Worker-16: Launching mavenrun-4f677108-9993-4bad-94bb-63abc91ef4ce] INFO  o.eclipse.m2e.core.internal.Bundles - 	Entry: C:\Users\91703\.p2\pool\plugins\org.eclipse.m2e.maven.runtime_3.9.500.20231113-2345\jars\maven-resolver-spi-1.9.16.jar
2024-05-18 16:55:39,144 [Worker-16: Launching mavenrun-4f677108-9993-4bad-94bb-63abc91ef4ce] INFO  o.eclipse.m2e.core.internal.Bundles - 	Entry: C:\Users\91703\.p2\pool\plugins\org.eclipse.m2e.maven.runtime_3.9.500.20231113-2345\jars\maven-resolver-transport-file-1.9.16.jar
2024-05-18 16:55:39,144 [Worker-16: Launching mavenrun-4f677108-9993-4bad-94bb-63abc91ef4ce] INFO  o.eclipse.m2e.core.internal.Bundles - 	Entry: C:\Users\91703\.p2\pool\plugins\org.eclipse.m2e.maven.runtime_3.9.500.20231113-2345\jars\maven-resolver-transport-http-1.9.16.jar
2024-05-18 16:55:39,144 [Worker-16: Launching mavenrun-4f677108-9993-4bad-94bb-63abc91ef4ce] INFO  o.eclipse.m2e.core.internal.Bundles - 	Entry: C:\Users\91703\.p2\pool\plugins\org.eclipse.m2e.maven.runtime_3.9.500.20231113-2345\jars\maven-resolver-transport-wagon-1.9.16.jar
2024-05-18 16:55:39,144 [Worker-16: Launching mavenrun-4f677108-9993-4bad-94bb-63abc91ef4ce] INFO  o.eclipse.m2e.core.internal.Bundles - 	Entry: C:\Users\91703\.p2\pool\plugins\org.eclipse.m2e.maven.runtime_3.9.500.20231113-2345\jars\maven-resolver-util-1.9.16.jar
2024-05-18 16:55:39,145 [Worker-16: Launching mavenrun-4f677108-9993-4bad-94bb-63abc91ef4ce] INFO  o.eclipse.m2e.core.internal.Bundles - 	Entry: C:\Users\91703\.p2\pool\plugins\org.eclipse.m2e.maven.runtime_3.9.500.20231113-2345\jars\maven-settings-3.9.5.jar
2024-05-18 16:55:39,145 [Worker-16: Launching mavenrun-4f677108-9993-4bad-94bb-63abc91ef4ce] INFO  o.eclipse.m2e.core.internal.Bundles - 	Entry: C:\Users\91703\.p2\pool\plugins\org.eclipse.m2e.maven.runtime_3.9.500.20231113-2345\jars\maven-settings-builder-3.9.5.jar
2024-05-18 16:55:39,145 [Worker-16: Launching mavenrun-4f677108-9993-4bad-94bb-63abc91ef4ce] INFO  o.eclipse.m2e.core.internal.Bundles - 	Entry: C:\Users\91703\.p2\pool\plugins\org.eclipse.m2e.maven.runtime_3.9.500.20231113-2345\jars\maven-shared-utils-3.3.4.jar
2024-05-18 16:55:39,145 [Worker-16: Launching mavenrun-4f677108-9993-4bad-94bb-63abc91ef4ce] INFO  o.eclipse.m2e.core.internal.Bundles - 	Entry: C:\Users\91703\.p2\pool\plugins\org.eclipse.m2e.maven.runtime_3.9.500.20231113-2345\jars\org.eclipse.sisu.inject-0.3.5.jar
2024-05-18 16:55:39,145 [Worker-16: Launching mavenrun-4f677108-9993-4bad-94bb-63abc91ef4ce] INFO  o.eclipse.m2e.core.internal.Bundles - 	Entry: C:\Users\91703\.p2\pool\plugins\org.eclipse.m2e.maven.runtime_3.9.500.20231113-2345\jars\org.eclipse.sisu.plexus-0.3.5.jar
2024-05-18 16:55:39,145 [Worker-16: Launching mavenrun-4f677108-9993-4bad-94bb-63abc91ef4ce] INFO  o.eclipse.m2e.core.internal.Bundles - 	Entry: C:\Users\91703\.p2\pool\plugins\org.eclipse.m2e.maven.runtime_3.9.500.20231113-2345\jars\plexus-build-api-0.0.7.jar
2024-05-18 16:55:39,146 [Worker-16: Launching mavenrun-4f677108-9993-4bad-94bb-63abc91ef4ce] INFO  o.eclipse.m2e.core.internal.Bundles - 	Entry: C:\Users\91703\.p2\pool\plugins\org.eclipse.m2e.maven.runtime_3.9.500.20231113-2345\jars\plexus-cipher-2.0.jar
2024-05-18 16:55:39,146 [Worker-16: Launching mavenrun-4f677108-9993-4bad-94bb-63abc91ef4ce] INFO  o.eclipse.m2e.core.internal.Bundles - 	Entry: C:\Users\91703\.p2\pool\plugins\org.eclipse.m2e.maven.runtime_3.9.500.20231113-2345\jars\plexus-classworlds-2.7.0.jar
2024-05-18 16:55:39,146 [Worker-16: Launching mavenrun-4f677108-9993-4bad-94bb-63abc91ef4ce] INFO  o.eclipse.m2e.core.internal.Bundles - 	Entry: C:\Users\91703\.p2\pool\plugins\org.eclipse.m2e.maven.runtime_3.9.500.20231113-2345\jars\plexus-component-annotations-2.1.0.jar
2024-05-18 16:55:39,146 [Worker-16: Launching mavenrun-4f677108-9993-4bad-94bb-63abc91ef4ce] INFO  o.eclipse.m2e.core.internal.Bundles - 	Entry: C:\Users\91703\.p2\pool\plugins\org.eclipse.m2e.maven.runtime_3.9.500.20231113-2345\jars\plexus-interpolation-1.26.jar
2024-05-18 16:55:39,146 [Worker-16: Launching mavenrun-4f677108-9993-4bad-94bb-63abc91ef4ce] INFO  o.eclipse.m2e.core.internal.Bundles - 	Entry: C:\Users\91703\.p2\pool\plugins\org.eclipse.m2e.maven.runtime_3.9.500.20231113-2345\jars\plexus-sec-dispatcher-2.0.jar
2024-05-18 16:55:39,146 [Worker-16: Launching mavenrun-4f677108-9993-4bad-94bb-63abc91ef4ce] INFO  o.eclipse.m2e.core.internal.Bundles - 	Entry: C:\Users\91703\.p2\pool\plugins\org.eclipse.m2e.maven.runtime_3.9.500.20231113-2345\jars\plexus-utils-3.5.1.jar
2024-05-18 16:55:39,146 [Worker-16: Launching mavenrun-4f677108-9993-4bad-94bb-63abc91ef4ce] INFO  o.eclipse.m2e.core.internal.Bundles - 	Entry: C:\Users\91703\.p2\pool\plugins\org.eclipse.m2e.maven.runtime_3.9.500.20231113-2345\jars\wagon-file-3.5.3.jar
2024-05-18 16:55:39,146 [Worker-16: Launching mavenrun-4f677108-9993-4bad-94bb-63abc91ef4ce] INFO  o.eclipse.m2e.core.internal.Bundles - 	Entry: C:\Users\91703\.p2\pool\plugins\org.eclipse.m2e.maven.runtime_3.9.500.20231113-2345\jars\wagon-http-3.5.3.jar
2024-05-18 16:55:39,147 [Worker-16: Launching mavenrun-4f677108-9993-4bad-94bb-63abc91ef4ce] INFO  o.eclipse.m2e.core.internal.Bundles - 	Entry: C:\Users\91703\.p2\pool\plugins\org.eclipse.m2e.maven.runtime_3.9.500.20231113-2345\jars\wagon-http-shared-3.5.3.jar
2024-05-18 16:55:39,147 [Worker-16: Launching mavenrun-4f677108-9993-4bad-94bb-63abc91ef4ce] INFO  o.eclipse.m2e.core.internal.Bundles - 	Entry: C:\Users\91703\.p2\pool\plugins\org.eclipse.m2e.maven.runtime_3.9.500.20231113-2345\jars\wagon-provider-api-3.5.3.jar
2024-05-18 16:55:39,149 [Worker-16: Launching mavenrun-4f677108-9993-4bad-94bb-63abc91ef4ce] INFO  o.eclipse.m2e.core.internal.Bundles - getClasspathEntries(Bundle=com.google.guava_32.1.3.jre [12])
2024-05-18 16:55:39,149 [Worker-16: Launching mavenrun-4f677108-9993-4bad-94bb-63abc91ef4ce] INFO  o.eclipse.m2e.core.internal.Bundles - 	Entry: C:\Users\91703\.p2\pool\plugins\com.google.guava_32.1.3.jre.jar
2024-05-18 16:55:39,149 [Worker-16: Launching mavenrun-4f677108-9993-4bad-94bb-63abc91ef4ce] INFO  o.eclipse.m2e.core.internal.Bundles - getClasspathEntries(Bundle=slf4j.api_2.0.11 [986])
2024-05-18 16:55:39,150 [Worker-16: Launching mavenrun-4f677108-9993-4bad-94bb-63abc91ef4ce] INFO  o.eclipse.m2e.core.internal.Bundles - 	Entry: C:\Users\91703\.p2\pool\plugins\slf4j.api_2.0.11.jar
2024-05-18 16:55:39,150 [Worker-16: Launching mavenrun-4f677108-9993-4bad-94bb-63abc91ef4ce] INFO  o.eclipse.m2e.core.internal.Bundles - getClasspathEntries(Bundle=javax.inject_1.0.0.v20091030 [992])
2024-05-18 16:55:39,150 [Worker-16: Launching mavenrun-4f677108-9993-4bad-94bb-63abc91ef4ce] INFO  o.eclipse.m2e.core.internal.Bundles - 	Entry: C:\Users\91703\.p2\pool\plugins\javax.inject_1.0.0.v20091030.jar
2024-05-18 16:55:39,150 [Worker-16: Launching mavenrun-4f677108-9993-4bad-94bb-63abc91ef4ce] INFO  o.eclipse.m2e.core.internal.Bundles - getClasspathEntries(Bundle=javax.annotation_1.3.5.v20200909-1856 [991])
2024-05-18 16:55:39,150 [Worker-16: Launching mavenrun-4f677108-9993-4bad-94bb-63abc91ef4ce] INFO  o.eclipse.m2e.core.internal.Bundles - 	Entry: C:\Users\91703\.p2\pool\plugins\javax.annotation_1.3.5.v20200909-1856.jar
2024-05-18 16:55:39,150 [Worker-16: Launching mavenrun-4f677108-9993-4bad-94bb-63abc91ef4ce] INFO  o.eclipse.m2e.core.internal.Bundles - getClasspathEntries(Bundle=org.apache.commons.cli_1.6.0 [71])
2024-05-18 16:55:39,151 [Worker-16: Launching mavenrun-4f677108-9993-4bad-94bb-63abc91ef4ce] INFO  o.eclipse.m2e.core.internal.Bundles - 	Entry: C:\Users\91703\.p2\pool\plugins\org.apache.commons.cli_1.6.0.jar
2024-05-18 16:55:39,151 [Worker-16: Launching mavenrun-4f677108-9993-4bad-94bb-63abc91ef4ce] INFO  o.eclipse.m2e.core.internal.Bundles - getClasspathEntries(Bundle=org.apache.commons.commons-codec_1.16.0 [75])
2024-05-18 16:55:39,151 [Worker-16: Launching mavenrun-4f677108-9993-4bad-94bb-63abc91ef4ce] INFO  o.eclipse.m2e.core.internal.Bundles - 	Entry: C:\Users\91703\.p2\pool\plugins\org.apache.commons.commons-codec_1.16.0.jar
2024-05-18 16:55:39,151 [Worker-16: Launching mavenrun-4f677108-9993-4bad-94bb-63abc91ef4ce] INFO  o.eclipse.m2e.core.internal.Bundles - getClasspathEntries(Bundle=org.apache.commons.lang3_3.13.0 [82])
2024-05-18 16:55:39,151 [Worker-16: Launching mavenrun-4f677108-9993-4bad-94bb-63abc91ef4ce] INFO  o.eclipse.m2e.core.internal.Bundles - 	Entry: C:\Users\91703\.p2\pool\plugins\org.apache.commons.lang3_3.13.0.jar
2024-05-18 16:55:39,151 [Worker-16: Launching mavenrun-4f677108-9993-4bad-94bb-63abc91ef4ce] INFO  o.eclipse.m2e.core.internal.Bundles - getClasspathEntries(Bundle=com.google.guava.failureaccess_1.0.2 [13])
2024-05-18 16:55:39,151 [Worker-16: Launching mavenrun-4f677108-9993-4bad-94bb-63abc91ef4ce] INFO  o.eclipse.m2e.core.internal.Bundles - 	Entry: C:\Users\91703\.p2\pool\plugins\com.google.guava.failureaccess_1.0.2.jar
2024-05-18 16:55:39,161 [Worker-16: Launching mavenrun-4f677108-9993-4bad-94bb-63abc91ef4ce] INFO  o.e.m.i.launch.MavenLaunchDelegate - Run build in "C:\Users\91703\AppData\Local\Temp\m2e-archetypeGenerator13308906917868810058":
2024-05-18 16:55:39,165 [Worker-16: Launching mavenrun-4f677108-9993-4bad-94bb-63abc91ef4ce] INFO  o.e.m.i.launch.MavenLaunchDelegate -  mvn  -DarchetypeGroupId=org.apache.maven.archetypes -DarchetypeArtifactId=maven-archetype-webapp -DarchetypeVersion=1.0 -DgroupId=com.learning -DartifactId=SpringMvcDemo1 -Dversion=0.0.1-SNAPSHOT -Dpackage=com.learning.SpringMvcDemo1 -DoutputDirectory=C:\Users\91703\Desktop\Programming\ProjectsWorkspacesFinal\SpringAndSpringBootBasics\Spring\SpringMvc -Dstyle.color=always -U archetype:generate
2024-05-18 16:56:08,921 [Worker-11: Creating maven-archetype-webapp] INFO  o.e.m.c.i.p.ProjectConfigurationManager - Collecting project info '/pom.xml' C:\Users\91703\Desktop\Programming\ProjectsWorkspacesFinal\SpringAndSpringBootBasics\Spring\SpringMvc\SpringMvcDemo1\pom.xml
2024-05-18 16:56:10,176 [Worker-11: Creating maven-archetype-webapp] INFO  o.e.m.c.i.l.LifecycleMappingFactory - Using org.maven.ide.eclipse.wtp.WarLifecycleMapping lifecycle mapping for MavenProject: com.learning:SpringMvcDemo1:0.0.1-SNAPSHOT @ C:\Users\91703\Desktop\Programming\ProjectsWorkspacesFinal\SpringAndSpringBootBasics\Spring\SpringMvc\SpringMvcDemo1\pom.xml.
2024-05-18 16:56:12,247 [Worker-11: Creating maven-archetype-webapp] INFO  o.e.m.j.i.AbstractJavaProjectConfigurator - Adding source folder /SpringMvcDemo1/src/main/java
2024-05-18 16:56:12,248 [Worker-11: Creating maven-archetype-webapp] INFO  o.e.m.j.i.AbstractJavaProjectConfigurator - Adding resource folder /SpringMvcDemo1/src/main/resources
2024-05-18 16:56:12,249 [Worker-11: Creating maven-archetype-webapp] INFO  o.e.m.j.i.AbstractJavaProjectConfigurator - Adding source folder /SpringMvcDemo1/src/test/java
2024-05-18 16:56:12,250 [Worker-11: Creating maven-archetype-webapp] INFO  o.e.m.j.i.AbstractJavaProjectConfigurator - Adding resource folder /SpringMvcDemo1/src/test/resources
2024-05-18 16:56:15,870 [Worker-11: Creating maven-archetype-webapp] INFO  o.e.m.c.i.p.ProjectConfigurationManager - Imported and configured 1 project(s) in 6 sec
2024-05-18 16:56:17,197 [Worker-5: Building] WARN  o.a.m.s.f.DefaultMavenResourcesFiltering - Using platform encoding (UTF-8 actually) to copy filtered resources, i.e. build is platform dependent!
2024-05-18 16:56:17,280 [Worker-5: Building] INFO  o.a.m.s.f.DefaultMavenResourcesFiltering - Copying 0 resource from src\main\resources to target\classes
2024-05-18 16:56:17,294 [Worker-5: Building] WARN  o.a.m.s.f.DefaultMavenResourcesFiltering - Using platform encoding (UTF-8 actually) to copy filtered resources, i.e. build is platform dependent!
2024-05-18 16:56:17,297 [Worker-5: Building] INFO  o.a.m.s.f.DefaultMavenResourcesFiltering - skip non existing resourceDirectory C:\Users\91703\Desktop\Programming\ProjectsWorkspacesFinal\SpringAndSpringBootBasics\Spring\SpringMvc\SpringMvcDemo1\src\test\resources
2024-05-18 16:57:29,167 [Worker-31: Building] WARN  o.a.m.s.f.DefaultMavenResourcesFiltering - Using platform encoding (UTF-8 actually) to copy filtered resources, i.e. build is platform dependent!
2024-05-18 16:57:29,174 [Worker-31: Building] INFO  o.a.m.s.f.DefaultMavenResourcesFiltering - Copying 0 resource from src\main\resources to target\classes
2024-05-18 16:57:29,177 [Worker-31: Building] WARN  o.a.m.s.f.DefaultMavenResourcesFiltering - Using platform encoding (UTF-8 actually) to copy filtered resources, i.e. build is platform dependent!
2024-05-18 16:57:29,178 [Worker-31: Building] INFO  o.a.m.s.f.DefaultMavenResourcesFiltering - skip non existing resourceDirectory C:\Users\91703\Desktop\Programming\ProjectsWorkspacesFinal\SpringAndSpringBootBasics\Spring\SpringMvc\SpringMvcDemo1\src\test\resources
2024-05-18 17:01:49,135 [Worker-15: Building] INFO  o.e.m.c.i.l.LifecycleMappingFactory - Using org.maven.ide.eclipse.wtp.WarLifecycleMapping lifecycle mapping for MavenProject: com.learning:SpringMvcDemo1:0.0.1-SNAPSHOT @ C:\Users\91703\Desktop\Programming\ProjectsWorkspacesFinal\SpringAndSpringBootBasics\Spring\SpringMvc\SpringMvcDemo1\pom.xml.
2024-05-18 17:01:49,945 [Worker-15: Building] WARN  o.a.m.s.f.DefaultMavenResourcesFiltering - Using platform encoding (UTF-8 actually) to copy filtered resources, i.e. build is platform dependent!
2024-05-18 17:01:49,948 [Worker-15: Building] INFO  o.a.m.s.f.DefaultMavenResourcesFiltering - Copying 0 resource from src\main\resources to target\classes
2024-05-18 17:01:49,952 [Worker-15: Building] WARN  o.a.m.s.f.DefaultMavenResourcesFiltering - Using platform encoding (UTF-8 actually) to copy filtered resources, i.e. build is platform dependent!
2024-05-18 17:01:49,953 [Worker-15: Building] INFO  o.a.m.s.f.DefaultMavenResourcesFiltering - skip non existing resourceDirectory C:\Users\91703\Desktop\Programming\ProjectsWorkspacesFinal\SpringAndSpringBootBasics\Spring\SpringMvc\SpringMvcDemo1\src\test\resources
2024-05-18 17:01:49,954 [Worker-15: Building] INFO  o.e.m.w.i.f.ResourceFilteringBuildParticipant - Changed resources require a complete clean of filtered resources of SpringMvcDemo1
2024-05-18 17:01:49,957 [Worker-15: Building] INFO  o.e.m.w.i.f.ResourceFilteringBuildParticipant - Executing resource filtering for SpringMvcDemo1
2024-05-18 17:01:51,533 [Worker-17: Building] INFO  o.e.m.c.i.l.LifecycleMappingFactory - Using org.maven.ide.eclipse.wtp.WarLifecycleMapping lifecycle mapping for MavenProject: com.learning:SpringMvcDemo1:0.0.1-SNAPSHOT @ C:\Users\91703\Desktop\Programming\ProjectsWorkspacesFinal\SpringAndSpringBootBasics\Spring\SpringMvc\SpringMvcDemo1\pom.xml.
2024-05-18 17:01:52,187 [Worker-17: Building] WARN  o.a.m.s.f.DefaultMavenResourcesFiltering - Using platform encoding (UTF-8 actually) to copy filtered resources, i.e. build is platform dependent!
2024-05-18 17:01:52,192 [Worker-17: Building] INFO  o.a.m.s.f.DefaultMavenResourcesFiltering - Copying 0 resource from src\main\resources to target\classes
2024-05-18 17:01:52,196 [Worker-17: Building] WARN  o.a.m.s.f.DefaultMavenResourcesFiltering - Using platform encoding (UTF-8 actually) to copy filtered resources, i.e. build is platform dependent!
2024-05-18 17:01:52,197 [Worker-17: Building] INFO  o.a.m.s.f.DefaultMavenResourcesFiltering - skip non existing resourceDirectory C:\Users\91703\Desktop\Programming\ProjectsWorkspacesFinal\SpringAndSpringBootBasics\Spring\SpringMvc\SpringMvcDemo1\src\test\resources
2024-05-18 17:01:52,199 [Worker-17: Building] INFO  o.e.m.w.i.f.ResourceFilteringBuildParticipant - Changed resources require a complete clean of filtered resources of SpringMvcDemo1
2024-05-18 17:01:52,199 [Worker-17: Building] INFO  o.e.m.w.i.f.ResourceFilteringBuildParticipant - Executing resource filtering for SpringMvcDemo1
2024-05-18 17:01:57,508 [Worker-34: Building] INFO  o.e.m.c.i.l.LifecycleMappingFactory - Using org.maven.ide.eclipse.wtp.WarLifecycleMapping lifecycle mapping for MavenProject: com.learning:SpringMvcDemo1:0.0.1-SNAPSHOT @ C:\Users\91703\Desktop\Programming\ProjectsWorkspacesFinal\SpringAndSpringBootBasics\Spring\SpringMvc\SpringMvcDemo1\pom.xml.
2024-05-18 17:01:58,168 [Worker-34: Building] WARN  o.a.m.s.f.DefaultMavenResourcesFiltering - Using platform encoding (UTF-8 actually) to copy filtered resources, i.e. build is platform dependent!
2024-05-18 17:01:58,171 [Worker-34: Building] INFO  o.a.m.s.f.DefaultMavenResourcesFiltering - Copying 0 resource from src\main\resources to target\classes
2024-05-18 17:01:58,174 [Worker-34: Building] WARN  o.a.m.s.f.DefaultMavenResourcesFiltering - Using platform encoding (UTF-8 actually) to copy filtered resources, i.e. build is platform dependent!
2024-05-18 17:01:58,175 [Worker-34: Building] INFO  o.a.m.s.f.DefaultMavenResourcesFiltering - skip non existing resourceDirectory C:\Users\91703\Desktop\Programming\ProjectsWorkspacesFinal\SpringAndSpringBootBasics\Spring\SpringMvc\SpringMvcDemo1\src\test\resources
2024-05-18 17:01:58,175 [Worker-34: Building] INFO  o.e.m.w.i.f.ResourceFilteringBuildParticipant - Changed resources require a complete clean of filtered resources of SpringMvcDemo1
2024-05-18 17:01:58,175 [Worker-34: Building] INFO  o.e.m.w.i.f.ResourceFilteringBuildParticipant - Executing resource filtering for SpringMvcDemo1
2024-05-18 17:02:39,162 [Worker-3: Loading available Gradle versions] INFO  o.e.b.c.i.u.g.PublishedGradleVersions - Gradle version information cache is up-to-date. Trying to read.
2024-05-18 17:03:53,094 [Worker-36: Building] WARN  o.a.m.s.f.DefaultMavenResourcesFiltering - Using platform encoding (UTF-8 actually) to copy filtered resources, i.e. build is platform dependent!
2024-05-18 17:03:53,098 [Worker-36: Building] INFO  o.a.m.s.f.DefaultMavenResourcesFiltering - Copying 0 resource from src\main\resources to target\classes
2024-05-18 17:03:53,101 [Worker-36: Building] WARN  o.a.m.s.f.DefaultMavenResourcesFiltering - Using platform encoding (UTF-8 actually) to copy filtered resources, i.e. build is platform dependent!
2024-05-18 17:03:53,102 [Worker-36: Building] INFO  o.a.m.s.f.DefaultMavenResourcesFiltering - Copying 0 resource from src\test\resources to target\test-classes
2024-05-18 17:04:41,870 [Worker-13: Building] WARN  o.a.m.s.f.DefaultMavenResourcesFiltering - Using platform encoding (UTF-8 actually) to copy filtered resources, i.e. build is platform dependent!
2024-05-18 17:04:41,874 [Worker-13: Building] INFO  o.a.m.s.f.DefaultMavenResourcesFiltering - Copying 0 resource from src\main\resources to target\classes
2024-05-18 17:04:41,876 [Worker-13: Building] WARN  o.a.m.s.f.DefaultMavenResourcesFiltering - Using platform encoding (UTF-8 actually) to copy filtered resources, i.e. build is platform dependent!
2024-05-18 17:04:41,877 [Worker-13: Building] INFO  o.a.m.s.f.DefaultMavenResourcesFiltering - Copying 0 resource from src\test\resources to target\test-classes
2024-05-18 17:05:02,710 [Worker-36: Building] WARN  o.a.m.s.f.DefaultMavenResourcesFiltering - Using platform encoding (UTF-8 actually) to copy filtered resources, i.e. build is platform dependent!
2024-05-18 17:05:02,711 [Worker-36: Building] INFO  o.a.m.s.f.DefaultMavenResourcesFiltering - Copying 0 resource from src\main\resources to target\classes
2024-05-18 17:05:02,713 [Worker-36: Building] WARN  o.a.m.s.f.DefaultMavenResourcesFiltering - Using platform encoding (UTF-8 actually) to copy filtered resources, i.e. build is platform dependent!
2024-05-18 17:05:02,715 [Worker-36: Building] INFO  o.a.m.s.f.DefaultMavenResourcesFiltering - Copying 0 resource from src\test\resources to target\test-classes
2024-05-18 17:05:20,080 [Worker-25: Building] WARN  o.a.m.s.f.DefaultMavenResourcesFiltering - Using platform encoding (UTF-8 actually) to copy filtered resources, i.e. build is platform dependent!
2024-05-18 17:05:20,085 [Worker-25: Building] INFO  o.a.m.s.f.DefaultMavenResourcesFiltering - Copying 0 resource from src\main\resources to target\classes
2024-05-18 17:05:20,087 [Worker-25: Building] WARN  o.a.m.s.f.DefaultMavenResourcesFiltering - Using platform encoding (UTF-8 actually) to copy filtered resources, i.e. build is platform dependent!
2024-05-18 17:05:20,088 [Worker-25: Building] INFO  o.a.m.s.f.DefaultMavenResourcesFiltering - Copying 0 resource from src\test\resources to target\test-classes
2024-05-18 17:05:27,440 [Worker-30: Building] WARN  o.a.m.s.f.DefaultMavenResourcesFiltering - Using platform encoding (UTF-8 actually) to copy filtered resources, i.e. build is platform dependent!
2024-05-18 17:05:27,442 [Worker-30: Building] INFO  o.a.m.s.f.DefaultMavenResourcesFiltering - Copying 0 resource from src\main\resources to target\classes
2024-05-18 17:05:27,446 [Worker-30: Building] WARN  o.a.m.s.f.DefaultMavenResourcesFiltering - Using platform encoding (UTF-8 actually) to copy filtered resources, i.e. build is platform dependent!
2024-05-18 17:05:27,447 [Worker-30: Building] INFO  o.a.m.s.f.DefaultMavenResourcesFiltering - Copying 0 resource from src\test\resources to target\test-classes
2024-05-18 17:06:21,308 [Worker-1: Building] WARN  o.a.m.s.f.DefaultMavenResourcesFiltering - Using platform encoding (UTF-8 actually) to copy filtered resources, i.e. build is platform dependent!
2024-05-18 17:06:21,309 [Worker-1: Building] INFO  o.a.m.s.f.DefaultMavenResourcesFiltering - Copying 0 resource from src\main\resources to target\classes
2024-05-18 17:06:21,311 [Worker-1: Building] WARN  o.a.m.s.f.DefaultMavenResourcesFiltering - Using platform encoding (UTF-8 actually) to copy filtered resources, i.e. build is platform dependent!
2024-05-18 17:06:21,312 [Worker-1: Building] INFO  o.a.m.s.f.DefaultMavenResourcesFiltering - Copying 0 resource from src\test\resources to target\test-classes
2024-05-18 17:09:57,488 [Worker-26: Building] WARN  o.a.m.s.f.DefaultMavenResourcesFiltering - Using platform encoding (UTF-8 actually) to copy filtered resources, i.e. build is platform dependent!
2024-05-18 17:09:57,491 [Worker-26: Building] INFO  o.a.m.s.f.DefaultMavenResourcesFiltering - Copying 0 resource from src\main\resources to target\classes
2024-05-18 17:09:57,494 [Worker-26: Building] WARN  o.a.m.s.f.DefaultMavenResourcesFiltering - Using platform encoding (UTF-8 actually) to copy filtered resources, i.e. build is platform dependent!
2024-05-18 17:09:57,495 [Worker-26: Building] INFO  o.a.m.s.f.DefaultMavenResourcesFiltering - Copying 0 resource from src\test\resources to target\test-classes
2024-05-18 17:13:00,532 [Worker-44: Building] WARN  o.a.m.s.f.DefaultMavenResourcesFiltering - Using platform encoding (UTF-8 actually) to copy filtered resources, i.e. build is platform dependent!
2024-05-18 17:13:00,534 [Worker-44: Building] INFO  o.a.m.s.f.DefaultMavenResourcesFiltering - Copying 0 resource from src\main\resources to target\classes
2024-05-18 17:13:00,536 [Worker-44: Building] WARN  o.a.m.s.f.DefaultMavenResourcesFiltering - Using platform encoding (UTF-8 actually) to copy filtered resources, i.e. build is platform dependent!
2024-05-18 17:13:00,537 [Worker-44: Building] INFO  o.a.m.s.f.DefaultMavenResourcesFiltering - Copying 0 resource from src\test\resources to target\test-classes
2024-05-18 17:15:03,378 [Worker-39: Building] WARN  o.a.m.s.f.DefaultMavenResourcesFiltering - Using platform encoding (UTF-8 actually) to copy filtered resources, i.e. build is platform dependent!
2024-05-18 17:15:03,380 [Worker-39: Building] INFO  o.a.m.s.f.DefaultMavenResourcesFiltering - Copying 0 resource from src\main\resources to target\classes
2024-05-18 17:15:03,381 [Worker-39: Building] WARN  o.a.m.s.f.DefaultMavenResourcesFiltering - Using platform encoding (UTF-8 actually) to copy filtered resources, i.e. build is platform dependent!
2024-05-18 17:15:03,382 [Worker-39: Building] INFO  o.a.m.s.f.DefaultMavenResourcesFiltering - Copying 0 resource from src\test\resources to target\test-classes
2024-05-18 17:17:01,066 [Worker-45: Building] WARN  o.a.m.s.f.DefaultMavenResourcesFiltering - Using platform encoding (UTF-8 actually) to copy filtered resources, i.e. build is platform dependent!
2024-05-18 17:17:01,067 [Worker-45: Building] INFO  o.a.m.s.f.DefaultMavenResourcesFiltering - Copying 0 resource from src\main\resources to target\classes
2024-05-18 17:17:01,069 [Worker-45: Building] WARN  o.a.m.s.f.DefaultMavenResourcesFiltering - Using platform encoding (UTF-8 actually) to copy filtered resources, i.e. build is platform dependent!
2024-05-18 17:17:01,070 [Worker-45: Building] INFO  o.a.m.s.f.DefaultMavenResourcesFiltering - Copying 0 resource from src\test\resources to target\test-classes
2024-05-18 17:24:29,474 [Worker-47: Building] WARN  o.a.m.s.f.DefaultMavenResourcesFiltering - Using platform encoding (UTF-8 actually) to copy filtered resources, i.e. build is platform dependent!
2024-05-18 17:24:29,477 [Worker-47: Building] INFO  o.a.m.s.f.DefaultMavenResourcesFiltering - Copying 0 resource from src\main\resources to target\classes
2024-05-18 17:24:29,478 [Worker-47: Building] WARN  o.a.m.s.f.DefaultMavenResourcesFiltering - Using platform encoding (UTF-8 actually) to copy filtered resources, i.e. build is platform dependent!
2024-05-18 17:24:29,479 [Worker-47: Building] INFO  o.a.m.s.f.DefaultMavenResourcesFiltering - Copying 0 resource from src\test\resources to target\test-classes
2024-05-18 17:24:39,685 [Worker-47: Building] WARN  o.a.m.s.f.DefaultMavenResourcesFiltering - Using platform encoding (UTF-8 actually) to copy filtered resources, i.e. build is platform dependent!
2024-05-18 17:24:39,686 [Worker-47: Building] INFO  o.a.m.s.f.DefaultMavenResourcesFiltering - Copying 0 resource from src\main\resources to target\classes
2024-05-18 17:24:39,687 [Worker-47: Building] WARN  o.a.m.s.f.DefaultMavenResourcesFiltering - Using platform encoding (UTF-8 actually) to copy filtered resources, i.e. build is platform dependent!
2024-05-18 17:24:39,690 [Worker-47: Building] INFO  o.a.m.s.f.DefaultMavenResourcesFiltering - Copying 0 resource from src\test\resources to target\test-classes
2024-06-08 14:53:41,106 [Worker-6: Loading available Gradle versions] INFO  o.e.b.c.i.u.g.PublishedGradleVersions - Gradle version information cache is out-of-date. Trying to update.
2024-06-10 18:39:05,106 [Worker-5: Loading available Gradle versions] INFO  o.e.b.c.i.u.g.PublishedGradleVersions - Gradle version information cache is out-of-date. Trying to update.
2024-06-10 18:41:03,200 [Worker-24: Updating Maven Dependencies] INFO  o.e.m.c.i.l.LifecycleMappingFactory - Using org.maven.ide.eclipse.wtp.WarLifecycleMapping lifecycle mapping for MavenProject: com.hospitalManagement:HospitalManagement:0.0.1-SNAPSHOT @ C:\Users\91703\Desktop\Programming\AllWorkSpaces\NewEclipseWorkSpace\HospitalManagementProject\pom.xml.
2024-06-10 18:41:03,423 [Worker-24: Updating Maven Dependencies] INFO  o.e.m.c.i.l.LifecycleMappingFactory - Using org.maven.ide.eclipse.wtp.WarLifecycleMapping lifecycle mapping for MavenProject: com.worker:Worker_search:0.0.1-SNAPSHOT @ C:\Users\91703\Desktop\Programming\AllWorkSpaces\NewEclipseWorkSpace\HospitalManagementProject\WorkerSearch\Worker_search\pom.xml.
2024-06-10 18:41:03,589 [Worker-38: Building] INFO  o.e.m.c.i.l.LifecycleMappingFactory - Using org.maven.ide.eclipse.wtp.WarLifecycleMapping lifecycle mapping for MavenProject: com.hospitalManagement:HospitalManagement:0.0.1-SNAPSHOT @ C:\Users\91703\Desktop\Programming\AllWorkSpaces\NewEclipseWorkSpace\HospitalManagementProject\pom.xml.
2024-06-10 18:41:04,197 [Worker-24: Updating Maven Dependencies] INFO  o.e.m.c.i.e.AbstractTransferListenerAdapter - Downloading https://repo.maven.apache.org/maven2/javax/servlet/javax.servlet-api/4.0.0/javax.servlet-api-4.0.0.pom
2024-06-10 18:41:04,219 [Worker-24: Updating Maven Dependencies] INFO  o.e.m.c.i.e.AbstractTransferListenerAdapter - Downloaded https://repo.maven.apache.org/maven2/javax/servlet/javax.servlet-api/4.0.0/javax.servlet-api-4.0.0.pom
2024-06-10 18:41:04,263 [Worker-24: Updating Maven Dependencies] INFO  o.e.m.c.i.e.AbstractTransferListenerAdapter - Downloading https://repo.maven.apache.org/maven2/com/google/protobuf/protobuf-java/3.25.1/protobuf-java-3.25.1.pom
2024-06-10 18:41:04,265 [Worker-24: Updating Maven Dependencies] INFO  o.e.m.c.i.e.AbstractTransferListenerAdapter - Downloaded https://repo.maven.apache.org/maven2/com/google/protobuf/protobuf-java/3.25.1/protobuf-java-3.25.1.pom
2024-06-10 18:41:04,297 [Worker-24: Updating Maven Dependencies] INFO  o.e.m.c.i.e.AbstractTransferListenerAdapter - Downloading https://repo.maven.apache.org/maven2/com/google/protobuf/protobuf-parent/3.25.1/protobuf-parent-3.25.1.pom
2024-06-10 18:41:04,302 [Worker-24: Updating Maven Dependencies] INFO  o.e.m.c.i.e.AbstractTransferListenerAdapter - Downloaded https://repo.maven.apache.org/maven2/com/google/protobuf/protobuf-parent/3.25.1/protobuf-parent-3.25.1.pom
2024-06-10 18:41:04,338 [Worker-24: Updating Maven Dependencies] INFO  o.e.m.c.i.e.AbstractTransferListenerAdapter - Downloading https://repo.maven.apache.org/maven2/com/google/protobuf/protobuf-bom/3.25.1/protobuf-bom-3.25.1.pom
2024-06-10 18:41:04,341 [Worker-24: Updating Maven Dependencies] INFO  o.e.m.c.i.e.AbstractTransferListenerAdapter - Downloaded https://repo.maven.apache.org/maven2/com/google/protobuf/protobuf-bom/3.25.1/protobuf-bom-3.25.1.pom
2024-06-10 18:41:04,381 [Worker-24: Updating Maven Dependencies] INFO  o.e.m.c.i.e.AbstractTransferListenerAdapter - Downloading https://repo.maven.apache.org/maven2/javax/servlet/javax.servlet-api/4.0.0/javax.servlet-api-4.0.0.jar
2024-06-10 18:41:04,430 [Worker-24: Updating Maven Dependencies] INFO  o.e.m.c.i.e.AbstractTransferListenerAdapter - Downloaded https://repo.maven.apache.org/maven2/javax/servlet/javax.servlet-api/4.0.0/javax.servlet-api-4.0.0.jar
2024-06-10 18:41:04,462 [BasicRepositoryConnector-repo.maven.apache.org-0-0] INFO  o.e.m.c.i.e.AbstractTransferListenerAdapter - Downloading https://repo.maven.apache.org/maven2/com/google/protobuf/protobuf-java/3.25.1/protobuf-java-3.25.1.jar
2024-06-10 18:41:04,633 [BasicRepositoryConnector-repo.maven.apache.org-0-0] INFO  o.e.m.c.i.e.AbstractTransferListenerAdapter - Downloaded https://repo.maven.apache.org/maven2/com/google/protobuf/protobuf-java/3.25.1/protobuf-java-3.25.1.jar
2024-06-10 18:41:05,241 [Worker-38: Building] WARN  o.a.m.s.f.DefaultMavenResourcesFiltering - Using platform encoding (UTF-8 actually) to copy filtered resources, i.e. build is platform dependent!
2024-06-10 18:41:05,265 [Worker-38: Building] INFO  o.a.m.s.f.DefaultMavenResourcesFiltering - Copying 0 resource from src\main\resources to target\classes
2024-06-10 18:41:05,273 [Worker-38: Building] WARN  o.a.m.s.f.DefaultMavenResourcesFiltering - Using platform encoding (UTF-8 actually) to copy filtered resources, i.e. build is platform dependent!
2024-06-10 18:41:05,274 [Worker-38: Building] INFO  o.a.m.s.f.DefaultMavenResourcesFiltering - Copying 0 resource from src\test\resources to target\test-classes
2024-06-10 18:41:06,001 [Worker-24: Building] WARN  o.a.m.s.f.DefaultMavenResourcesFiltering - Using platform encoding (UTF-8 actually) to copy filtered resources, i.e. build is platform dependent!
2024-06-10 18:41:06,003 [Worker-24: Building] INFO  o.a.m.s.f.DefaultMavenResourcesFiltering - Copying 0 resource from src\main\resources to target\classes
2024-06-10 18:41:06,006 [Worker-24: Building] WARN  o.a.m.s.f.DefaultMavenResourcesFiltering - Using platform encoding (UTF-8 actually) to copy filtered resources, i.e. build is platform dependent!
2024-06-10 18:41:06,007 [Worker-24: Building] INFO  o.a.m.s.f.DefaultMavenResourcesFiltering - Copying 0 resource from src\test\resources to target\test-classes
2024-06-10 18:41:06,201 [Worker-24: Building] INFO  o.e.m.c.i.l.LifecycleMappingFactory - Using org.maven.ide.eclipse.wtp.WarLifecycleMapping lifecycle mapping for MavenProject: com.worker:Worker_search:0.0.1-SNAPSHOT @ C:\Users\91703\Desktop\Programming\AllWorkSpaces\NewEclipseWorkSpace\HospitalManagementProject\WorkerSearch\Worker_search\pom.xml.
2024-06-10 18:41:06,298 [Worker-24: Building] WARN  o.a.m.s.f.DefaultMavenResourcesFiltering - Using platform encoding (UTF-8 actually) to copy filtered resources, i.e. build is platform dependent!
2024-06-10 18:41:06,300 [Worker-24: Building] INFO  o.a.m.s.f.DefaultMavenResourcesFiltering - Copying 0 resource from src\main\resources to target\classes
2024-06-10 18:41:06,303 [Worker-24: Building] WARN  o.a.m.s.f.DefaultMavenResourcesFiltering - Using platform encoding (UTF-8 actually) to copy filtered resources, i.e. build is platform dependent!
2024-06-10 18:41:06,305 [Worker-24: Building] INFO  o.a.m.s.f.DefaultMavenResourcesFiltering - Copying 0 resource from src\test\resources to target\test-classes
2024-06-10 18:41:06,813 [Worker-30: Updating Maven Dependencies] INFO  o.e.m.c.i.l.LifecycleMappingFactory - Using org.maven.ide.eclipse.wtp.WarLifecycleMapping lifecycle mapping for MavenProject: com.hospitalManagement:HospitalManagement:0.0.1-SNAPSHOT @ C:\Users\91703\Desktop\Programming\AllWorkSpaces\NewEclipseWorkSpace\HospitalManagementProject\pom.xml.
2024-06-10 18:41:06,925 [Worker-30: Updating Maven Dependencies] INFO  o.e.m.c.i.l.LifecycleMappingFactory - Using org.maven.ide.eclipse.wtp.WarLifecycleMapping lifecycle mapping for MavenProject: com.worker:Worker_search:0.0.1-SNAPSHOT @ C:\Users\91703\Desktop\Programming\AllWorkSpaces\NewEclipseWorkSpace\HospitalManagementProject\WorkerSearch\Worker_search\pom.xml.
2024-06-10 18:41:07,404 [Worker-0: Download sources and javadoc] INFO  o.e.m.c.i.e.AbstractTransferListenerAdapter - Downloading https://repo.maven.apache.org/maven2/javax/servlet/javax.servlet-api/4.0.0/javax.servlet-api-4.0.0-javadoc.jar
2024-06-10 18:41:07,560 [Worker-0: Download sources and javadoc] INFO  o.e.m.c.i.e.AbstractTransferListenerAdapter - Downloaded https://repo.maven.apache.org/maven2/javax/servlet/javax.servlet-api/4.0.0/javax.servlet-api-4.0.0-javadoc.jar
2024-06-10 18:41:07,564 [Worker-0: Download sources and javadoc] INFO  o.e.m.j.internal.DownloadSourcesJob - Downloaded javadoc for javax.servlet:javax.servlet-api:4.0.0
2024-06-10 18:41:07,654 [Worker-0: Download sources and javadoc] INFO  o.e.m.c.i.e.AbstractTransferListenerAdapter - Downloading https://repo.maven.apache.org/maven2/com/mysql/mysql-connector-j/8.3.0/mysql-connector-j-8.3.0-javadoc.jar
2024-06-10 18:41:07,825 [Worker-39: Building] WARN  o.a.m.s.f.DefaultMavenResourcesFiltering - Using platform encoding (UTF-8 actually) to copy filtered resources, i.e. build is platform dependent!
2024-06-10 18:41:07,831 [Worker-39: Building] INFO  o.a.m.s.f.DefaultMavenResourcesFiltering - Copying 0 resource from src\main\resources to target\classes
2024-06-10 18:41:07,834 [Worker-39: Building] WARN  o.a.m.s.f.DefaultMavenResourcesFiltering - Using platform encoding (UTF-8 actually) to copy filtered resources, i.e. build is platform dependent!
2024-06-10 18:41:07,837 [Worker-39: Building] INFO  o.a.m.s.f.DefaultMavenResourcesFiltering - Copying 0 resource from src\test\resources to target\test-classes
2024-06-10 18:41:07,861 [Worker-0: Download sources and javadoc] INFO  o.e.m.c.i.e.AbstractTransferListenerAdapter - Downloaded https://repo.maven.apache.org/maven2/com/mysql/mysql-connector-j/8.3.0/mysql-connector-j-8.3.0-javadoc.jar
2024-06-10 18:41:07,865 [Worker-0: Download sources and javadoc] INFO  o.e.m.j.internal.DownloadSourcesJob - Downloaded javadoc for com.mysql:mysql-connector-j:8.3.0
2024-06-10 18:41:07,952 [Worker-0: Download sources and javadoc] INFO  o.e.m.c.i.e.AbstractTransferListenerAdapter - Downloading https://repo.maven.apache.org/maven2/com/google/protobuf/protobuf-java/3.25.1/protobuf-java-3.25.1-sources.jar
2024-06-10 18:41:08,087 [Worker-0: Download sources and javadoc] INFO  o.e.m.c.i.e.AbstractTransferListenerAdapter - Downloaded https://repo.maven.apache.org/maven2/com/google/protobuf/protobuf-java/3.25.1/protobuf-java-3.25.1-sources.jar
2024-06-10 18:41:08,091 [Worker-0: Download sources and javadoc] INFO  o.e.m.j.internal.DownloadSourcesJob - Downloaded sources for com.google.protobuf:protobuf-java:3.25.1
2024-06-10 18:41:09,010 [Worker-0: Building] WARN  o.a.m.s.f.DefaultMavenResourcesFiltering - Using platform encoding (UTF-8 actually) to copy filtered resources, i.e. build is platform dependent!
2024-06-10 18:41:09,011 [Worker-0: Building] INFO  o.a.m.s.f.DefaultMavenResourcesFiltering - Copying 0 resource from src\main\resources to target\classes
2024-06-10 18:41:09,012 [Worker-0: Building] WARN  o.a.m.s.f.DefaultMavenResourcesFiltering - Using platform encoding (UTF-8 actually) to copy filtered resources, i.e. build is platform dependent!
2024-06-10 18:41:09,013 [Worker-0: Building] INFO  o.a.m.s.f.DefaultMavenResourcesFiltering - Copying 0 resource from src\test\resources to target\test-classes
2024-06-12 14:02:58,018 [Worker-1: Loading available Gradle versions] INFO  o.e.b.c.i.u.g.PublishedGradleVersions - Gradle version information cache is out-of-date. Trying to update.
2024-06-13 15:48:33,587 [Worker-4: Loading available Gradle versions] INFO  o.e.b.c.i.u.g.PublishedGradleVersions - Gradle version information cache is out-of-date. Trying to update.
2024-06-13 15:51:53,420 [Worker-38: Updating Maven Project] INFO  o.e.m.c.i.p.ProjectConfigurationManager - Update started
2024-06-13 15:51:53,812 [Worker-38: Updating Maven Project] INFO  o.e.m.c.i.l.LifecycleMappingFactory - Using org.maven.ide.eclipse.wtp.WarLifecycleMapping lifecycle mapping for MavenProject: com.hospitalManagement:HospitalManagement:0.0.1-SNAPSHOT @ C:\Users\91703\Desktop\Programming\AllWorkSpaces\NewEclipseWorkSpace\HospitalManagementProject\pom.xml.
2024-06-13 15:51:54,649 [Worker-38: Updating Maven Project] INFO  o.e.m.j.i.AbstractJavaProjectConfigurator - Adding source folder /HospitalManagement/src/main/java
2024-06-13 15:51:54,649 [Worker-38: Updating Maven Project] INFO  o.e.m.j.i.AbstractJavaProjectConfigurator - Adding resource folder /HospitalManagement/src/main/resources
2024-06-13 15:51:54,650 [Worker-38: Updating Maven Project] INFO  o.e.m.j.i.AbstractJavaProjectConfigurator - Adding source folder /HospitalManagement/src/test/java
2024-06-13 15:51:54,650 [Worker-38: Updating Maven Project] INFO  o.e.m.j.i.AbstractJavaProjectConfigurator - Adding resource folder /HospitalManagement/src/test/resources
2024-06-13 15:51:55,687 [Worker-38: Updating Maven Project] INFO  o.e.m.w.i.f.ResourceFilteringBuildParticipant - Cleaning filtered folder for HospitalManagement
2024-06-13 15:51:55,712 [Worker-38: Updating Maven Project] INFO  o.e.m.c.i.p.ProjectConfigurationManager - Update completed for 1 poms: local refresh takes 0.00 sec, refresh facades takes 1.00 sec, update config takes 0.00 sec 
2024-06-13 15:51:56,645 [Worker-40: Building] WARN  o.a.m.s.f.DefaultMavenResourcesFiltering - Using platform encoding (UTF-8 actually) to copy filtered resources, i.e. build is platform dependent!
2024-06-13 15:51:56,667 [Worker-40: Building] INFO  o.a.m.s.f.DefaultMavenResourcesFiltering - Copying 0 resource from src\main\resources to target\classes
2024-06-13 15:51:56,671 [Worker-40: Building] WARN  o.a.m.s.f.DefaultMavenResourcesFiltering - Using platform encoding (UTF-8 actually) to copy filtered resources, i.e. build is platform dependent!
2024-06-13 15:51:56,673 [Worker-40: Building] INFO  o.a.m.s.f.DefaultMavenResourcesFiltering - Copying 0 resource from src\test\resources to target\test-classes
2024-06-13 15:51:56,674 [Worker-40: Building] INFO  o.e.m.w.i.f.ResourceFilteringBuildParticipant - Changed resources require a complete clean of filtered resources of HospitalManagement
2024-06-13 15:51:56,674 [Worker-40: Building] INFO  o.e.m.w.i.f.ResourceFilteringBuildParticipant - Executing resource filtering for HospitalManagement
2024-06-13 15:51:58,026 [Worker-42: Building] WARN  o.a.m.s.f.DefaultMavenResourcesFiltering - Using platform encoding (UTF-8 actually) to copy filtered resources, i.e. build is platform dependent!
2024-06-13 15:51:58,027 [Worker-42: Building] INFO  o.a.m.s.f.DefaultMavenResourcesFiltering - Copying 0 resource from src\main\resources to target\classes
2024-06-13 15:51:58,030 [Worker-42: Building] WARN  o.a.m.s.f.DefaultMavenResourcesFiltering - Using platform encoding (UTF-8 actually) to copy filtered resources, i.e. build is platform dependent!
2024-06-13 15:51:58,031 [Worker-42: Building] INFO  o.a.m.s.f.DefaultMavenResourcesFiltering - Copying 0 resource from src\test\resources to target\test-classes
2024-06-13 15:51:58,636 [Worker-41: Building] WARN  o.a.m.s.f.DefaultMavenResourcesFiltering - Using platform encoding (UTF-8 actually) to copy filtered resources, i.e. build is platform dependent!
2024-06-13 15:51:58,638 [Worker-41: Building] INFO  o.a.m.s.f.DefaultMavenResourcesFiltering - Copying 0 resource from src\main\resources to target\classes
2024-06-13 15:51:58,643 [Worker-41: Building] WARN  o.a.m.s.f.DefaultMavenResourcesFiltering - Using platform encoding (UTF-8 actually) to copy filtered resources, i.e. build is platform dependent!
2024-06-13 15:51:58,644 [Worker-41: Building] INFO  o.a.m.s.f.DefaultMavenResourcesFiltering - Copying 0 resource from src\test\resources to target\test-classes
2024-06-13 15:51:59,721 [Worker-23: Building] WARN  o.a.m.s.f.DefaultMavenResourcesFiltering - Using platform encoding (UTF-8 actually) to copy filtered resources, i.e. build is platform dependent!
2024-06-13 15:51:59,735 [Worker-23: Building] INFO  o.a.m.s.f.DefaultMavenResourcesFiltering - Copying 0 resource from src\main\resources to target\classes
2024-06-13 15:51:59,738 [Worker-23: Building] WARN  o.a.m.s.f.DefaultMavenResourcesFiltering - Using platform encoding (UTF-8 actually) to copy filtered resources, i.e. build is platform dependent!
2024-06-13 15:51:59,739 [Worker-23: Building] INFO  o.a.m.s.f.DefaultMavenResourcesFiltering - Copying 0 resource from src\test\resources to target\test-classes
2024-06-13 15:52:30,202 [Worker-23: Building] WARN  o.a.m.s.f.DefaultMavenResourcesFiltering - Using platform encoding (UTF-8 actually) to copy filtered resources, i.e. build is platform dependent!
2024-06-13 15:52:30,203 [Worker-23: Building] INFO  o.a.m.s.f.DefaultMavenResourcesFiltering - Copying 0 resource from src\main\resources to target\classes
2024-06-13 15:52:30,206 [Worker-23: Building] WARN  o.a.m.s.f.DefaultMavenResourcesFiltering - Using platform encoding (UTF-8 actually) to copy filtered resources, i.e. build is platform dependent!
2024-06-13 15:52:30,207 [Worker-23: Building] INFO  o.a.m.s.f.DefaultMavenResourcesFiltering - Copying 0 resource from src\test\resources to target\test-classes
2024-06-13 15:52:52,941 [Worker-42: Building] WARN  o.a.m.s.f.DefaultMavenResourcesFiltering - Using platform encoding (UTF-8 actually) to copy filtered resources, i.e. build is platform dependent!
2024-06-13 15:52:52,942 [Worker-42: Building] INFO  o.a.m.s.f.DefaultMavenResourcesFiltering - Copying 0 resource from src\main\resources to target\classes
2024-06-13 15:52:52,945 [Worker-42: Building] WARN  o.a.m.s.f.DefaultMavenResourcesFiltering - Using platform encoding (UTF-8 actually) to copy filtered resources, i.e. build is platform dependent!
2024-06-13 15:52:52,946 [Worker-42: Building] INFO  o.a.m.s.f.DefaultMavenResourcesFiltering - Copying 0 resource from src\test\resources to target\test-classes
2024-06-13 15:53:08,901 [Worker-42: Building] WARN  o.a.m.s.f.DefaultMavenResourcesFiltering - Using platform encoding (UTF-8 actually) to copy filtered resources, i.e. build is platform dependent!
2024-06-13 15:53:08,902 [Worker-42: Building] INFO  o.a.m.s.f.DefaultMavenResourcesFiltering - Copying 0 resource from src\main\resources to target\classes
2024-06-13 15:53:08,905 [Worker-42: Building] WARN  o.a.m.s.f.DefaultMavenResourcesFiltering - Using platform encoding (UTF-8 actually) to copy filtered resources, i.e. build is platform dependent!
2024-06-13 15:53:08,906 [Worker-42: Building] INFO  o.a.m.s.f.DefaultMavenResourcesFiltering - Copying 0 resource from src\test\resources to target\test-classes
2024-06-13 15:55:48,822 [Worker-41: Building] WARN  o.a.m.s.f.DefaultMavenResourcesFiltering - Using platform encoding (UTF-8 actually) to copy filtered resources, i.e. build is platform dependent!
2024-06-13 15:55:48,824 [Worker-41: Building] INFO  o.a.m.s.f.DefaultMavenResourcesFiltering - Copying 0 resource from src\main\resources to target\classes
2024-06-13 15:55:48,827 [Worker-41: Building] WARN  o.a.m.s.f.DefaultMavenResourcesFiltering - Using platform encoding (UTF-8 actually) to copy filtered resources, i.e. build is platform dependent!
2024-06-13 15:55:48,828 [Worker-41: Building] INFO  o.a.m.s.f.DefaultMavenResourcesFiltering - Copying 0 resource from src\test\resources to target\test-classes
2024-06-19 18:35:41,163 [Worker-9: Updating Maven Dependencies] INFO  o.e.m.c.i.l.LifecycleMappingFactory - Using org.maven.ide.eclipse.wtp.WarLifecycleMapping lifecycle mapping for MavenProject: com.hospitalManagement:HospitalManagement:0.0.1-SNAPSHOT @ C:\Users\91703\Desktop\Programming\AllWorkSpaces\NewEclipseWorkSpace\HospitalManagementProject\pom.xml.
2024-06-19 18:35:41,295 [Worker-9: Updating Maven Dependencies] INFO  o.e.m.c.i.l.LifecycleMappingFactory - Using org.maven.ide.eclipse.wtp.WarLifecycleMapping lifecycle mapping for MavenProject: com.learning:SpringMvcDemo1:0.0.1-SNAPSHOT @ C:\Users\91703\Desktop\Programming\ProjectsWorkspacesFinal\SpringAndSpringBootBasics\Spring\SpringMvc\SpringMvcDemo1\pom.xml.
2024-06-27 13:13:23,065 [Worker-2: Deferred Early Start] INFO  o.a.h.c.h.i.c.HttpRequestRetryExec - Recoverable I/O exception (java.net.SocketException) caught when processing request to {s}->https://www.eclipse.org:443
2024-07-21 23:46:11,351 [Worker-4: Deferred Early Start] INFO  o.a.h.c.h.i.c.HttpRequestRetryExec - Recoverable I/O exception (java.net.SocketException) caught when processing request to {s}->https://www.eclipse.org:443
